<?xml version="1.0" encoding="UTF-8"?>
<!-- Generated by org.testng.reporters.JUnitReportReporter -->
<testsuite skipped="0" hostname="DESKTOP-CJAIMM7" name="com.training.sanity.tests.RETC_041Tests" tests="2" failures="0" timestamp="19 Mar 2019 09:37:08 GMT" time="31.811" errors="0">
  <testcase name="validBlogTest" time="9.101" classname="com.training.sanity.tests.RETC_041Tests"/>
  <testcase name="validLoginTest" time="22.710" classname="com.training.sanity.tests.RETC_041Tests"/>
</testsuite> <!-- com.training.sanity.tests.RETC_041Tests -->
