<?xml version="1.0" encoding="UTF-8"?>
<!-- Generated by org.testng.reporters.JUnitReportReporter -->
<testsuite skipped="0" hostname="DESKTOP-CJAIMM7" name="com.training.sanity.tests.RETC_044Tests" tests="1" failures="0" timestamp="19 Mar 2019 04:41:21 GMT" time="55.612" errors="0">
  <testcase name="validAllPsotsTest" time="55.612" classname="com.training.sanity.tests.RETC_044Tests"/>
</testsuite> <!-- com.training.sanity.tests.RETC_044Tests -->
