<?xml version="1.0" encoding="UTF-8"?>
<!-- Generated by org.testng.reporters.JUnitReportReporter -->
<testsuite skipped="0" hostname="DESKTOP-CJAIMM7" name="com.training.sanity.tests.RETC_073Tests" tests="1" failures="0" timestamp="01 Apr 2019 05:32:55 GMT" time="57.361" errors="0">
  <testcase name="contactFormPageTest" time="57.361" classname="com.training.sanity.tests.RETC_073Tests"/>
</testsuite> <!-- com.training.sanity.tests.RETC_073Tests -->
