<?xml version="1.0" encoding="UTF-8"?>
<!-- Generated by org.testng.reporters.JUnitReportReporter -->
<testsuite skipped="0" hostname="DESKTOP-CJAIMM7" name="com.training.sanity.tests.RETC_055Tests" tests="1" failures="0" timestamp="17 Mar 2019 05:22:28 GMT" time="58.028" errors="0">
  <testcase name="RestoredPropertySearchTest" time="58.028" classname="com.training.sanity.tests.RETC_055Tests"/>
</testsuite> <!-- com.training.sanity.tests.RETC_055Tests -->
