<?xml version="1.0" encoding="UTF-8"?>
<!-- Generated by org.testng.reporters.JUnitReportReporter -->
<testsuite skipped="0" hostname="DESKTOP-CJAIMM7" name="com.training.sanity.tests.UpdatePasswordTests" tests="1" failures="0" timestamp="10 Mar 2019 05:34:31 GMT" time="31.293" errors="0">
  <testcase name="validUpdatePasswordTest" time="31.293" classname="com.training.sanity.tests.UpdatePasswordTests"/>
</testsuite> <!-- com.training.sanity.tests.UpdatePasswordTests -->
