<?xml version="1.0" encoding="UTF-8"?>
<!-- Generated by org.testng.reporters.JUnitReportReporter -->
<testsuite skipped="0" hostname="DESKTOP-CJAIMM7" name="com.training.sanity.tests.RETC_013Tests" tests="1" failures="0" timestamp="11 Mar 2019 05:16:17 GMT" time="36.851" errors="0">
  <testcase name="validUpdateTest" time="36.851" classname="com.training.sanity.tests.RETC_013Tests"/>
</testsuite> <!-- com.training.sanity.tests.RETC_013Tests -->
