<?xml version="1.0" encoding="UTF-8"?>
<!-- Generated by org.testng.reporters.JUnitReportReporter -->
<testsuite skipped="0" hostname="DESKTOP-CJAIMM7" name="com.training.sanity.tests.RETC_015Tests" tests="1" failures="0" timestamp="11 Mar 2019 05:31:32 GMT" time="46.598" errors="0">
  <testcase name="validLogoutTest" time="46.598" classname="com.training.sanity.tests.RETC_015Tests"/>
</testsuite> <!-- com.training.sanity.tests.RETC_015Tests -->
