<?xml version="1.0" encoding="UTF-8"?>
<!-- Generated by org.testng.reporters.JUnitReportReporter -->
<testsuite skipped="0" hostname="DESKTOP-CJAIMM7" name="com.training.sanity.tests.RETC_014Tests" tests="1" failures="0" timestamp="11 Mar 2019 05:37:22 GMT" time="52.393" errors="0">
  <testcase name="validUpdatePasswordTest" time="52.393" classname="com.training.sanity.tests.RETC_014Tests"/>
</testsuite> <!-- com.training.sanity.tests.RETC_014Tests -->
