<?xml version="1.0" encoding="UTF-8"?>
<!-- Generated by org.testng.reporters.JUnitReportReporter -->
<testsuite skipped="0" hostname="DESKTOP-CJAIMM7" name="com.training.sanity.tests.RETC_074Tests" tests="4" failures="0" timestamp="25 Mar 2019 13:53:37 GMT" time="148.186" errors="0">
  <testcase name="contactFormPageTest" time="40.248" classname="com.training.sanity.tests.RETC_074Tests"/>
  <testcase name="contactFormPageTest" time="34.425" classname="com.training.sanity.tests.RETC_074Tests"/>
  <testcase name="contactFormPageTest" time="35.315" classname="com.training.sanity.tests.RETC_074Tests"/>
  <testcase name="contactFormPageTest" time="38.198" classname="com.training.sanity.tests.RETC_074Tests"/>
</testsuite> <!-- com.training.sanity.tests.RETC_074Tests -->
