<?xml version="1.0" encoding="UTF-8"?>
<!-- Generated by org.testng.reporters.JUnitReportReporter -->
<testsuite skipped="0" hostname="DESKTOP-CJAIMM7" name="com.training.sanity.tests.RETC_043Tests" tests="1" failures="0" timestamp="18 Mar 2019 13:42:34 GMT" time="62.184" errors="0">
  <testcase name="validAllPsotsTest" time="62.184" classname="com.training.sanity.tests.RETC_043Tests"/>
</testsuite> <!-- com.training.sanity.tests.RETC_043Tests -->
