<?xml version="1.0" encoding="UTF-8"?>
<!-- Generated by org.testng.reporters.JUnitReportReporter -->
<testsuite skipped="0" hostname="DESKTOP-CJAIMM7" name="com.training.sanity.tests.RETC_011Tests" tests="1" failures="0" timestamp="11 Mar 2019 05:45:56 GMT" time="41.581" errors="0">
  <testcase name="validLoginTest" time="41.581" classname="com.training.sanity.tests.RETC_011Tests"/>
</testsuite> <!-- com.training.sanity.tests.RETC_011Tests -->
