<?xml version="1.0" encoding="UTF-8"?>
<!-- Generated by org.testng.reporters.JUnitReportReporter -->
<testsuite skipped="0" hostname="DESKTOP-CJAIMM7" name="com.training.sanity.tests.RETC_071Tests" tests="3" failures="0" timestamp="01 Apr 2019 05:36:32 GMT" time="166.808" errors="0">
  <testcase name="contactFormPageTest" time="62.276" classname="com.training.sanity.tests.RETC_071Tests"/>
  <testcase name="contactFormPageTest" time="51.256" classname="com.training.sanity.tests.RETC_071Tests"/>
  <testcase name="contactFormPageTest" time="53.276" classname="com.training.sanity.tests.RETC_071Tests"/>
</testsuite> <!-- com.training.sanity.tests.RETC_071Tests -->
