<?xml version="1.0" encoding="UTF-8"?>
<!-- Generated by org.testng.reporters.JUnitReportReporter -->
<testsuite skipped="0" hostname="DESKTOP-CJAIMM7" name="com.training.sanity.tests.RETC_042Tests" tests="1" failures="0" timestamp="18 Mar 2019 13:41:15 GMT" time="56.639" errors="0">
  <testcase name="validAllPsotsTest" time="56.639" classname="com.training.sanity.tests.RETC_042Tests"/>
</testsuite> <!-- com.training.sanity.tests.RETC_042Tests -->
