<?xml version="1.0" encoding="UTF-8"?>
<!-- Generated by org.testng.reporters.JUnitReportReporter -->
<testsuite skipped="0" hostname="DESKTOP-CJAIMM7" name="com.training.sanity.tests.UpdateTests" tests="1" failures="0" timestamp="10 Mar 2019 05:48:21 GMT" time="36.044" errors="0">
  <testcase name="validUpdateTest" time="36.044" classname="com.training.sanity.tests.UpdateTests"/>
</testsuite> <!-- com.training.sanity.tests.UpdateTests -->
