<?xml version="1.0" encoding="UTF-8"?>
<!-- Generated by org.testng.reporters.JUnitReportReporter -->
<testsuite skipped="0" hostname="DESKTOP-CJAIMM7" name="com.training.sanity.tests.RETC_045Tests" tests="1" failures="0" timestamp="18 Mar 2019 13:48:24 GMT" time="72.041" errors="0">
  <testcase name="validAllPsotsTest" time="72.041" classname="com.training.sanity.tests.RETC_045Tests"/>
</testsuite> <!-- com.training.sanity.tests.RETC_045Tests -->
