<?xml version="1.0" encoding="UTF-8"?>
<!-- Generated by org.testng.reporters.JUnitReportReporter -->
<testsuite skipped="0" hostname="DESKTOP-CJAIMM7" name="com.training.sanity.tests.LogoutTests" tests="1" failures="0" timestamp="07 Mar 2019 05:20:42 GMT" time="15.289" errors="0">
  <testcase name="validLogoutTest" time="15.289" classname="com.training.sanity.tests.LogoutTests"/>
</testsuite> <!-- com.training.sanity.tests.LogoutTests -->
