<?xml version="1.0" encoding="UTF-8"?>
<!-- Generated by org.testng.reporters.JUnitReportReporter -->
<testsuite skipped="0" hostname="DESKTOP-CJAIMM7" name="com.training.sanity.tests.RETC_073Tests" tests="2" failures="0" timestamp="01 Apr 2019 06:51:57 GMT" time="97.204" errors="0">
  <testcase name="contactFormPageTest" time="49.118" classname="com.training.sanity.tests.RETC_073Tests"/>
  <testcase name="contactFormPageTest" time="48.086" classname="com.training.sanity.tests.RETC_073Tests"/>
</testsuite> <!-- com.training.sanity.tests.RETC_073Tests -->
