<?xml version="1.0" encoding="UTF-8"?>
<!-- Generated by org.testng.reporters.JUnitReportReporter -->
<testsuite skipped="0" hostname="DESKTOP-CJAIMM7" name="com.training.sanity.tests.RETC_075Tests" tests="1" failures="0" timestamp="20 Mar 2019 13:40:38 GMT" time="55.887" errors="0">
  <testcase name="newLaunchPosts" time="55.887" classname="com.training.sanity.tests.RETC_075Tests"/>
</testsuite> <!-- com.training.sanity.tests.RETC_075Tests -->
